d:\opengl pg\project opengl\project opengl\release\vc142.pdb
d:\opengl pg\project opengl\project opengl\release\window.obj
d:\opengl pg\project opengl\project opengl\release\tiny_obj_loader.obj
d:\opengl pg\project opengl\project opengl\release\stb_image.obj
d:\opengl pg\project opengl\project opengl\release\skybox.obj
d:\opengl pg\project opengl\project opengl\release\shader.obj
d:\opengl pg\project opengl\project opengl\release\model3d.obj
d:\opengl pg\project opengl\project opengl\release\mesh.obj
d:\opengl pg\project opengl\project opengl\release\main.obj
d:\opengl pg\project opengl\project opengl\release\camera.obj
d:\opengl pg\project opengl\release\project opengl.exe
d:\opengl pg\project opengl\project opengl\release\project opengl.ipdb
d:\opengl pg\project opengl\project opengl\release\project opengl.iobj
d:\opengl pg\project opengl\release\project opengl.pdb
d:\opengl pg\project opengl\project opengl\release\project opengl.tlog\cl.command.1.tlog
d:\opengl pg\project opengl\project opengl\release\project opengl.tlog\cl.read.1.tlog
d:\opengl pg\project opengl\project opengl\release\project opengl.tlog\cl.write.1.tlog
d:\opengl pg\project opengl\project opengl\release\project opengl.tlog\link.command.1.tlog
d:\opengl pg\project opengl\project opengl\release\project opengl.tlog\link.read.1.tlog
d:\opengl pg\project opengl\project opengl\release\project opengl.tlog\link.write.1.tlog
